<?xml version="1.0" encoding="UTF-8"?>
<testsuite xmlns:xsi="http://www.w3.org/2001/XMLSchema-instance" xsi:noNamespaceSchemaLocation="https://maven.apache.org/surefire/maven-surefire-plugin/xsd/surefire-test-report.xsd" version="3.0.1" name="fr.isima_zz2_f5.app.AwesomePasswordCheckerTest" time="0.053" tests="1" errors="1" skipped="0" failures="0">
  <properties>
    <property name="java.specification.version" value="23"/>
    <property name="sun.jnu.encoding" value="UTF-8"/>
    <property name="java.class.path" value="/Users/matheothomas/Library/Mobile Documents/com~apple~CloudDocs/MATHEO/COURS/ISIMA2/Informatique avancée/Revue de code/codereview_tp1/target/test-classes:/Users/matheothomas/Library/Mobile Documents/com~apple~CloudDocs/MATHEO/COURS/ISIMA2/Informatique avancée/Revue de code/codereview_tp1/target/classes:/Users/matheothomas/.m2/repository/org/junit/jupiter/junit-jupiter-api/5.11.0/junit-jupiter-api-5.11.0.jar:/Users/matheothomas/.m2/repository/org/opentest4j/opentest4j/1.3.0/opentest4j-1.3.0.jar:/Users/matheothomas/.m2/repository/org/junit/platform/junit-platform-commons/1.11.0/junit-platform-commons-1.11.0.jar:/Users/matheothomas/.m2/repository/org/apiguardian/apiguardian-api/1.1.2/apiguardian-api-1.1.2.jar:/Users/matheothomas/.m2/repository/org/junit/jupiter/junit-jupiter-params/5.11.0/junit-jupiter-params-5.11.0.jar:"/>
    <property name="java.vm.vendor" value="Homebrew"/>
    <property name="sun.arch.data.model" value="64"/>
    <property name="java.vendor.url" value="https://github.com/Homebrew/homebrew-core/issues"/>
    <property name="os.name" value="Mac OS X"/>
    <property name="java.vm.specification.version" value="23"/>
    <property name="sun.java.launcher" value="SUN_STANDARD"/>
    <property name="user.country" value="FR"/>
    <property name="sun.boot.library.path" value="/usr/local/Cellar/openjdk/23.0.1/libexec/openjdk.jdk/Contents/Home/lib"/>
    <property name="sun.java.command" value="/Users/matheothomas/Library/Mobile Documents/com~apple~CloudDocs/MATHEO/COURS/ISIMA2/Informatique avancée/Revue de code/codereview_tp1/target/surefire/surefirebooter-20241120135104544_3.jar /Users/matheothomas/Library/Mobile Documents/com~apple~CloudDocs/MATHEO/COURS/ISIMA2/Informatique avancée/Revue de code/codereview_tp1/target/surefire 2024-11-20T13-51-04_406-jvmRun1 surefire-20241120135104544_1tmp surefire_0-20241120135104544_2tmp"/>
    <property name="http.nonProxyHosts" value="local|*.local|169.254/16|*.169.254/16"/>
    <property name="jdk.debug" value="release"/>
    <property name="surefire.test.class.path" value="/Users/matheothomas/Library/Mobile Documents/com~apple~CloudDocs/MATHEO/COURS/ISIMA2/Informatique avancée/Revue de code/codereview_tp1/target/test-classes:/Users/matheothomas/Library/Mobile Documents/com~apple~CloudDocs/MATHEO/COURS/ISIMA2/Informatique avancée/Revue de code/codereview_tp1/target/classes:/Users/matheothomas/.m2/repository/org/junit/jupiter/junit-jupiter-api/5.11.0/junit-jupiter-api-5.11.0.jar:/Users/matheothomas/.m2/repository/org/opentest4j/opentest4j/1.3.0/opentest4j-1.3.0.jar:/Users/matheothomas/.m2/repository/org/junit/platform/junit-platform-commons/1.11.0/junit-platform-commons-1.11.0.jar:/Users/matheothomas/.m2/repository/org/apiguardian/apiguardian-api/1.1.2/apiguardian-api-1.1.2.jar:/Users/matheothomas/.m2/repository/org/junit/jupiter/junit-jupiter-params/5.11.0/junit-jupiter-params-5.11.0.jar:"/>
    <property name="sun.cpu.endian" value="little"/>
    <property name="user.home" value="/Users/matheothomas"/>
    <property name="user.language" value="en"/>
    <property name="java.specification.vendor" value="Oracle Corporation"/>
    <property name="java.version.date" value="2024-10-15"/>
    <property name="java.home" value="/usr/local/Cellar/openjdk/23.0.1/libexec/openjdk.jdk/Contents/Home"/>
    <property name="file.separator" value="/"/>
    <property name="basedir" value="/Users/matheothomas/Library/Mobile Documents/com~apple~CloudDocs/MATHEO/COURS/ISIMA2/Informatique avancée/Revue de code/codereview_tp1"/>
    <property name="java.vm.compressedOopsMode" value="Zero based"/>
    <property name="line.separator" value="&#10;"/>
    <property name="java.vm.specification.vendor" value="Oracle Corporation"/>
    <property name="java.specification.name" value="Java Platform API Specification"/>
    <property name="apple.awt.application.name" value="ForkedBooter"/>
    <property name="surefire.real.class.path" value="/Users/matheothomas/Library/Mobile Documents/com~apple~CloudDocs/MATHEO/COURS/ISIMA2/Informatique avancée/Revue de code/codereview_tp1/target/surefire/surefirebooter-20241120135104544_3.jar"/>
    <property name="sun.management.compiler" value="HotSpot 64-Bit Tiered Compilers"/>
    <property name="ftp.nonProxyHosts" value="local|*.local|169.254/16|*.169.254/16"/>
    <property name="java.runtime.version" value="23.0.1"/>
    <property name="user.name" value="matheothomas"/>
    <property name="stdout.encoding" value="UTF-8"/>
    <property name="path.separator" value=":"/>
    <property name="os.version" value="15.1"/>
    <property name="java.runtime.name" value="OpenJDK Runtime Environment"/>
    <property name="file.encoding" value="UTF-8"/>
    <property name="java.vm.name" value="OpenJDK 64-Bit Server VM"/>
    <property name="java.vendor.version" value="Homebrew"/>
    <property name="localRepository" value="/Users/matheothomas/.m2/repository"/>
    <property name="java.vendor.url.bug" value="https://github.com/Homebrew/homebrew-core/issues"/>
    <property name="java.io.tmpdir" value="/var/folders/pd/44ltc_wn59s18rkdwlbv0h200000gn/T/"/>
    <property name="java.version" value="23.0.1"/>
    <property name="user.dir" value="/Users/matheothomas/Library/Mobile Documents/com~apple~CloudDocs/MATHEO/COURS/ISIMA2/Informatique avancée/Revue de code/codereview_tp1"/>
    <property name="os.arch" value="x86_64"/>
    <property name="java.vm.specification.name" value="Java Virtual Machine Specification"/>
    <property name="native.encoding" value="UTF-8"/>
    <property name="java.library.path" value="/Users/matheothomas/Library/Java/Extensions:/Library/Java/Extensions:/Network/Library/Java/Extensions:/System/Library/Java/Extensions:/usr/lib/java:."/>
    <property name="java.vm.info" value="mixed mode, sharing"/>
    <property name="stderr.encoding" value="UTF-8"/>
    <property name="java.vendor" value="Homebrew"/>
    <property name="java.vm.version" value="23.0.1"/>
    <property name="sun.io.unicode.encoding" value="UnicodeBig"/>
    <property name="socksNonProxyHosts" value="local|*.local|169.254/16|*.169.254/16"/>
    <property name="java.class.version" value="67.0"/>
  </properties>
  <testcase name="maskAffTest" classname="fr.isima_zz2_f5.app.AwesomePasswordCheckerTest" time="0.012">
    <error message="Unresolved compilation problems: &#10;	Syntax error on token &quot;package&quot;, import expected&#10;	The declared package &quot;fr.isima.codereview.tp1&quot; does not match the expected package &quot;fr.isima_zz2_f5.app&quot;&#10;	The method maskAff(String) is undefined for the type AwesomePasswordCheckerTest&#10;" type="java.lang.Error"><![CDATA[java.lang.Error: 
Unresolved compilation problems: 
	Syntax error on token "package", import expected
	The declared package "fr.isima.codereview.tp1" does not match the expected package "fr.isima_zz2_f5.app"
	The method maskAff(String) is undefined for the type AwesomePasswordCheckerTest

	at fr.isima_zz2_f5.app.AwesomePasswordCheckerTest.<init>(AwesomePasswordCheckerTest.java:2)
	at java.base/java.lang.reflect.Constructor.newInstanceWithCaller(Constructor.java:501)
	at java.base/java.lang.reflect.Constructor.newInstance(Constructor.java:485)
	at java.base/java.util.Optional.orElseGet(Optional.java:364)
	at java.base/java.util.ArrayList.forEach(ArrayList.java:1597)
	at java.base/java.util.ArrayList.forEach(ArrayList.java:1597)
]]></error>
  </testcase>
</testsuite>